{
  "meta": {
    "format": 3,
    "version": "7.11.0",
    "timestamp": "2025-11-02T08:16:11.911285",
    "branch_coverage": false,
    "show_contexts": false
  },
  "files": {
    "application\\__init__.py": {
      "executed_lines": [],
      "summary": {
        "covered_lines": 0,
        "num_statements": 2,
        "percent_covered": 0.0,
        "percent_covered_display": "0.00",
        "missing_lines": 2,
        "excluded_lines": 0
      },
      "missing_lines": [8, 10],
      "excluded_lines": [],
      "functions": {
        "": {
          "executed_lines": [],
          "summary": {
            "covered_lines": 0,
            "num_statements": 2,
            "percent_covered": 0.0,
            "percent_covered_display": "0.00",
            "missing_lines": 2,
            "excluded_lines": 0
          },
          "missing_lines": [8, 10],
          "excluded_lines": []
        }
      },
      "classes": {
        "": {
          "executed_lines": [],
          "summary": {
            "covered_lines": 0,
            "num_statements": 2,
            "percent_covered": 0.0,
            "percent_covered_display": "0.00",
            "missing_lines": 2,
            "excluded_lines": 0
          },
          "missing_lines": [8, 10],
          "excluded_lines": []
        }
      }
    },
    "application\\commands\\__init__.py": {
      "executed_lines": [],
      "summary": {
        "covered_lines": 0,
        "num_statements": 0,
        "percent_covered": 100.0,
        "percent_covered_display": "100.00",
        "missing_lines": 0,
        "excluded_lines": 0
      },
      "missing_lines": [],
      "excluded_lines": [],
      "functions": {
        "": {
          "executed_lines": [],
          "summary": {
            "covered_lines": 0,
            "num_statements": 0,
            "percent_covered": 100.0,
            "percent_covered_display": "100.00",
            "missing_lines": 0,
            "excluded_lines": 0
          },
          "missing_lines": [],
          "excluded_lines": []
        }
      },
      "classes": {
        "": {
          "executed_lines": [],
          "summary": {
            "covered_lines": 0,
            "num_statements": 0,
            "percent_covered": 100.0,
            "percent_covered_display": "100.00",
            "missing_lines": 0,
            "excluded_lines": 0
          },
          "missing_lines": [],
          "excluded_lines": []
        }
      }
    },
    "application\\dto\\__init__.py": {
      "executed_lines": [],
      "summary": {
        "covered_lines": 0,
        "num_statements": 0,
        "percent_covered": 100.0,
        "percent_covered_display": "100.00",
        "missing_lines": 0,
        "excluded_lines": 0
      },
      "missing_lines": [],
      "excluded_lines": [],
      "functions": {
        "": {
          "executed_lines": [],
          "summary": {
            "covered_lines": 0,
            "num_statements": 0,
            "percent_covered": 100.0,
            "percent_covered_display": "100.00",
            "missing_lines": 0,
            "excluded_lines": 0
          },
          "missing_lines": [],
          "excluded_lines": []
        }
      },
      "classes": {
        "": {
          "executed_lines": [],
          "summary": {
            "covered_lines": 0,
            "num_statements": 0,
            "percent_covered": 100.0,
            "percent_covered_display": "100.00",
            "missing_lines": 0,
            "excluded_lines": 0
          },
          "missing_lines": [],
          "excluded_lines": []
        }
      }
    },
    "application\\workflows\\__init__.py": {
      "executed_lines": [],
      "summary": {
        "covered_lines": 0,
        "num_statements": 0,
        "percent_covered": 100.0,
        "percent_covered_display": "100.00",
        "missing_lines": 0,
        "excluded_lines": 0
      },
      "missing_lines": [],
      "excluded_lines": [],
      "functions": {
        "": {
          "executed_lines": [],
          "summary": {
            "covered_lines": 0,
            "num_statements": 0,
            "percent_covered": 100.0,
            "percent_covered_display": "100.00",
            "missing_lines": 0,
            "excluded_lines": 0
          },
          "missing_lines": [],
          "excluded_lines": []
        }
      },
      "classes": {
        "": {
          "executed_lines": [],
          "summary": {
            "covered_lines": 0,
            "num_statements": 0,
            "percent_covered": 100.0,
            "percent_covered_display": "100.00",
            "missing_lines": 0,
            "excluded_lines": 0
          },
          "missing_lines": [],
          "excluded_lines": []
        }
      }
    },
    "application\\workflows\\data_processing_workflow.py": {
      "executed_lines": [],
      "summary": {
        "covered_lines": 0,
        "num_statements": 86,
        "percent_covered": 0.0,
        "percent_covered_display": "0.00",
        "missing_lines": 86,
        "excluded_lines": 0
      },
      "missing_lines": [
        9, 10, 11, 13, 14, 15, 16, 17, 18, 21, 24, 31, 32, 33, 35, 41, 43, 44,
        45, 47, 48, 49, 54, 55, 56, 57, 59, 61, 62, 64, 65, 66, 71, 72, 73, 74,
        76, 86, 87, 88, 90, 91, 92, 95, 96, 97, 99, 105, 106, 107, 116, 118,
        121, 122, 125, 126, 127, 132, 133, 135, 142, 144, 145, 146, 155, 162,
        164, 166, 167, 168, 173, 176, 177, 179, 180, 181, 191, 192, 193, 195,
        201, 203, 206, 215, 216, 224
      ],
      "excluded_lines": [],
      "functions": {
        "DataProcessingWorkflow.__init__": {
          "executed_lines": [],
          "summary": {
            "covered_lines": 0,
            "num_statements": 4,
            "percent_covered": 0.0,
            "percent_covered_display": "0.00",
            "missing_lines": 4,
            "excluded_lines": 0
          },
          "missing_lines": [31, 32, 33, 35],
          "excluded_lines": []
        },
        "DataProcessingWorkflow.validate_file": {
          "executed_lines": [],
          "summary": {
            "covered_lines": 0,
            "num_statements": 10,
            "percent_covered": 0.0,
            "percent_covered_display": "0.00",
            "missing_lines": 10,
            "excluded_lines": 0
          },
          "missing_lines": [43, 44, 45, 47, 48, 49, 54, 55, 56, 57],
          "excluded_lines": []
        },
        "DataProcessingWorkflow.count_queries": {
          "executed_lines": [],
          "summary": {
            "covered_lines": 0,
            "num_statements": 9,
            "percent_covered": 0.0,
            "percent_covered_display": "0.00",
            "missing_lines": 9,
            "excluded_lines": 0
          },
          "missing_lines": [61, 62, 64, 65, 66, 71, 72, 73, 74],
          "excluded_lines": []
        },
        "DataProcessingWorkflow.run_category_processing": {
          "executed_lines": [],
          "summary": {
            "covered_lines": 0,
            "num_statements": 27,
            "percent_covered": 0.0,
            "percent_covered_display": "0.00",
            "missing_lines": 27,
            "excluded_lines": 0
          },
          "missing_lines": [
            86, 87, 88, 90, 91, 92, 95, 96, 97, 99, 105, 106, 107, 116, 118,
            121, 122, 125, 126, 127, 132, 133, 135, 142, 144, 145, 146
          ],
          "excluded_lines": []
        },
        "DataProcessingWorkflow.run_all_categories": {
          "executed_lines": [],
          "summary": {
            "covered_lines": 0,
            "num_statements": 16,
            "percent_covered": 0.0,
            "percent_covered_display": "0.00",
            "missing_lines": 16,
            "excluded_lines": 0
          },
          "missing_lines": [
            162, 164, 166, 167, 168, 173, 176, 177, 179, 180, 181, 191, 192,
            193, 195, 201
          ],
          "excluded_lines": []
        },
        "DataProcessingWorkflow.get_processing_summary": {
          "executed_lines": [],
          "summary": {
            "covered_lines": 0,
            "num_statements": 4,
            "percent_covered": 0.0,
            "percent_covered_display": "0.00",
            "missing_lines": 4,
            "excluded_lines": 0
          },
          "missing_lines": [206, 215, 216, 224],
          "excluded_lines": []
        },
        "": {
          "executed_lines": [],
          "summary": {
            "covered_lines": 0,
            "num_statements": 16,
            "percent_covered": 0.0,
            "percent_covered_display": "0.00",
            "missing_lines": 16,
            "excluded_lines": 0
          },
          "missing_lines": [
            9, 10, 11, 13, 14, 15, 16, 17, 18, 21, 24, 41, 59, 76, 155, 203
          ],
          "excluded_lines": []
        }
      },
      "classes": {
        "DataProcessingWorkflow": {
          "executed_lines": [],
          "summary": {
            "covered_lines": 0,
            "num_statements": 70,
            "percent_covered": 0.0,
            "percent_covered_display": "0.00",
            "missing_lines": 70,
            "excluded_lines": 0
          },
          "missing_lines": [
            31, 32, 33, 35, 43, 44, 45, 47, 48, 49, 54, 55, 56, 57, 61, 62, 64,
            65, 66, 71, 72, 73, 74, 86, 87, 88, 90, 91, 92, 95, 96, 97, 99, 105,
            106, 107, 116, 118, 121, 122, 125, 126, 127, 132, 133, 135, 142,
            144, 145, 146, 162, 164, 166, 167, 168, 173, 176, 177, 179, 180,
            181, 191, 192, 193, 195, 201, 206, 215, 216, 224
          ],
          "excluded_lines": []
        },
        "": {
          "executed_lines": [],
          "summary": {
            "covered_lines": 0,
            "num_statements": 16,
            "percent_covered": 0.0,
            "percent_covered_display": "0.00",
            "missing_lines": 16,
            "excluded_lines": 0
          },
          "missing_lines": [
            9, 10, 11, 13, 14, 15, 16, 17, 18, 21, 24, 41, 59, 76, 155, 203
          ],
          "excluded_lines": []
        }
      }
    },
    "core\\__init__.py": {
      "executed_lines": [1, 8, 9, 10, 11, 13],
      "summary": {
        "covered_lines": 5,
        "num_statements": 5,
        "percent_covered": 100.0,
        "percent_covered_display": "100.00",
        "missing_lines": 0,
        "excluded_lines": 0
      },
      "missing_lines": [],
      "excluded_lines": [],
      "functions": {
        "": {
          "executed_lines": [1, 8, 9, 10, 11, 13],
          "summary": {
            "covered_lines": 5,
            "num_statements": 5,
            "percent_covered": 100.0,
            "percent_covered_display": "100.00",
            "missing_lines": 0,
            "excluded_lines": 0
          },
          "missing_lines": [],
          "excluded_lines": []
        }
      },
      "classes": {
        "": {
          "executed_lines": [1, 8, 9, 10, 11, 13],
          "summary": {
            "covered_lines": 5,
            "num_statements": 5,
            "percent_covered": 100.0,
            "percent_covered_display": "100.00",
            "missing_lines": 0,
            "excluded_lines": 0
          },
          "missing_lines": [],
          "excluded_lines": []
        }
      }
    },
    "core\\domain\\__init__.py": {
      "executed_lines": [1],
      "summary": {
        "covered_lines": 0,
        "num_statements": 0,
        "percent_covered": 100.0,
        "percent_covered_display": "100.00",
        "missing_lines": 0,
        "excluded_lines": 0
      },
      "missing_lines": [],
      "excluded_lines": [],
      "functions": {
        "": {
          "executed_lines": [1],
          "summary": {
            "covered_lines": 0,
            "num_statements": 0,
            "percent_covered": 100.0,
            "percent_covered_display": "100.00",
            "missing_lines": 0,
            "excluded_lines": 0
          },
          "missing_lines": [],
          "excluded_lines": []
        }
      },
      "classes": {
        "": {
          "executed_lines": [1],
          "summary": {
            "covered_lines": 0,
            "num_statements": 0,
            "percent_covered": 100.0,
            "percent_covered_display": "100.00",
            "missing_lines": 0,
            "excluded_lines": 0
          },
          "missing_lines": [],
          "excluded_lines": []
        }
      }
    },
    "core\\domain\\interfaces.py": {
      "executed_lines": [
        1, 8, 9, 10, 13, 14, 15, 16, 17, 18, 19, 20, 22, 23, 24, 27, 28, 30, 31,
        44, 45, 58, 59, 72, 73, 87, 88, 90, 91, 103, 104, 117, 118, 128, 129,
        131, 132, 144, 145, 158, 159, 161, 162, 175, 176, 190, 191, 193, 194,
        203, 204, 213, 214, 224, 225, 227, 228, 232, 233, 237, 238, 242, 243,
        247, 248, 253, 254, 256, 257, 267, 268, 278, 279
      ],
      "summary": {
        "covered_lines": 19,
        "num_statements": 19,
        "percent_covered": 100.0,
        "percent_covered_display": "100.00",
        "missing_lines": 0,
        "excluded_lines": 213
      },
      "missing_lines": [],
      "excluded_lines": [
        30, 31, 32, 33, 34, 35, 36, 37, 38, 39, 40, 41, 42, 44, 45, 46, 47, 48,
        49, 50, 51, 52, 53, 54, 55, 56, 58, 59, 60, 61, 62, 63, 64, 65, 66, 67,
        68, 69, 70, 72, 73, 74, 75, 76, 77, 78, 79, 80, 81, 82, 83, 84, 90, 91,
        92, 93, 94, 95, 96, 97, 98, 99, 100, 101, 103, 104, 105, 106, 107, 108,
        109, 110, 111, 112, 113, 114, 115, 117, 118, 119, 120, 121, 122, 123,
        124, 125, 131, 132, 133, 134, 135, 136, 137, 138, 139, 140, 141, 142,
        144, 145, 146, 147, 148, 149, 150, 151, 152, 153, 154, 155, 161, 162,
        163, 164, 165, 166, 167, 168, 169, 170, 171, 172, 173, 175, 176, 177,
        178, 179, 180, 181, 182, 183, 184, 185, 186, 187, 193, 194, 195, 196,
        197, 198, 199, 200, 201, 203, 204, 205, 206, 207, 208, 209, 210, 211,
        213, 214, 215, 216, 217, 218, 219, 220, 221, 227, 228, 229, 230, 232,
        233, 234, 235, 237, 238, 239, 240, 242, 243, 244, 245, 247, 248, 249,
        250, 256, 257, 258, 259, 260, 261, 262, 263, 264, 265, 267, 268, 269,
        270, 271, 272, 273, 274, 275, 276, 278, 279, 280, 281, 282, 283, 284,
        285, 286, 287
      ],
      "functions": {
        "ProcessingResult.__post_init__": {
          "executed_lines": [23, 24],
          "summary": {
            "covered_lines": 2,
            "num_statements": 2,
            "percent_covered": 100.0,
            "percent_covered_display": "100.00",
            "missing_lines": 0,
            "excluded_lines": 0
          },
          "missing_lines": [],
          "excluded_lines": []
        },
        "DataStorage.save": {
          "executed_lines": [],
          "summary": {
            "covered_lines": 0,
            "num_statements": 0,
            "percent_covered": 100.0,
            "percent_covered_display": "100.00",
            "missing_lines": 0,
            "excluded_lines": 11
          },
          "missing_lines": [],
          "excluded_lines": [32, 33, 34, 35, 36, 37, 38, 39, 40, 41, 42]
        },
        "DataStorage.load": {
          "executed_lines": [],
          "summary": {
            "covered_lines": 0,
            "num_statements": 0,
            "percent_covered": 100.0,
            "percent_covered_display": "100.00",
            "missing_lines": 0,
            "excluded_lines": 11
          },
          "missing_lines": [],
          "excluded_lines": [46, 47, 48, 49, 50, 51, 52, 53, 54, 55, 56]
        },
        "DataStorage.exists": {
          "executed_lines": [],
          "summary": {
            "covered_lines": 0,
            "num_statements": 0,
            "percent_covered": 100.0,
            "percent_covered_display": "100.00",
            "missing_lines": 0,
            "excluded_lines": 11
          },
          "missing_lines": [],
          "excluded_lines": [60, 61, 62, 63, 64, 65, 66, 67, 68, 69, 70]
        },
        "DataStorage.delete": {
          "executed_lines": [],
          "summary": {
            "covered_lines": 0,
            "num_statements": 0,
            "percent_covered": 100.0,
            "percent_covered_display": "100.00",
            "missing_lines": 0,
            "excluded_lines": 11
          },
          "missing_lines": [],
          "excluded_lines": [74, 75, 76, 77, 78, 79, 80, 81, 82, 83, 84]
        },
        "APIClient.fetch_place_details": {
          "executed_lines": [],
          "summary": {
            "covered_lines": 0,
            "num_statements": 0,
            "percent_covered": 100.0,
            "percent_covered_display": "100.00",
            "missing_lines": 0,
            "excluded_lines": 10
          },
          "missing_lines": [],
          "excluded_lines": [92, 93, 94, 95, 96, 97, 98, 99, 100, 101]
        },
        "APIClient.search_places": {
          "executed_lines": [],
          "summary": {
            "covered_lines": 0,
            "num_statements": 0,
            "percent_covered": 100.0,
            "percent_covered_display": "100.00",
            "missing_lines": 0,
            "excluded_lines": 11
          },
          "missing_lines": [],
          "excluded_lines": [
            105, 106, 107, 108, 109, 110, 111, 112, 113, 114, 115
          ]
        },
        "APIClient.is_healthy": {
          "executed_lines": [],
          "summary": {
            "covered_lines": 0,
            "num_statements": 0,
            "percent_covered": 100.0,
            "percent_covered_display": "100.00",
            "missing_lines": 0,
            "excluded_lines": 7
          },
          "missing_lines": [],
          "excluded_lines": [119, 120, 121, 122, 123, 124, 125]
        },
        "DataValidator.validate": {
          "executed_lines": [],
          "summary": {
            "covered_lines": 0,
            "num_statements": 0,
            "percent_covered": 100.0,
            "percent_covered_display": "100.00",
            "missing_lines": 0,
            "excluded_lines": 10
          },
          "missing_lines": [],
          "excluded_lines": [133, 134, 135, 136, 137, 138, 139, 140, 141, 142]
        },
        "DataValidator.validate_batch": {
          "executed_lines": [],
          "summary": {
            "covered_lines": 0,
            "num_statements": 0,
            "percent_covered": 100.0,
            "percent_covered_display": "100.00",
            "missing_lines": 0,
            "excluded_lines": 10
          },
          "missing_lines": [],
          "excluded_lines": [146, 147, 148, 149, 150, 151, 152, 153, 154, 155]
        },
        "DataProcessor.process_single": {
          "executed_lines": [],
          "summary": {
            "covered_lines": 0,
            "num_statements": 0,
            "percent_covered": 100.0,
            "percent_covered_display": "100.00",
            "missing_lines": 0,
            "excluded_lines": 11
          },
          "missing_lines": [],
          "excluded_lines": [
            163, 164, 165, 166, 167, 168, 169, 170, 171, 172, 173
          ]
        },
        "DataProcessor.process_batch": {
          "executed_lines": [],
          "summary": {
            "covered_lines": 0,
            "num_statements": 0,
            "percent_covered": 100.0,
            "percent_covered_display": "100.00",
            "missing_lines": 0,
            "excluded_lines": 11
          },
          "missing_lines": [],
          "excluded_lines": [
            177, 178, 179, 180, 181, 182, 183, 184, 185, 186, 187
          ]
        },
        "AuthenticationService.authenticate": {
          "executed_lines": [],
          "summary": {
            "covered_lines": 0,
            "num_statements": 0,
            "percent_covered": 100.0,
            "percent_covered_display": "100.00",
            "missing_lines": 0,
            "excluded_lines": 7
          },
          "missing_lines": [],
          "excluded_lines": [195, 196, 197, 198, 199, 200, 201]
        },
        "AuthenticationService.get_credentials": {
          "executed_lines": [],
          "summary": {
            "covered_lines": 0,
            "num_statements": 0,
            "percent_covered": 100.0,
            "percent_covered_display": "100.00",
            "missing_lines": 0,
            "excluded_lines": 7
          },
          "missing_lines": [],
          "excluded_lines": [205, 206, 207, 208, 209, 210, 211]
        },
        "AuthenticationService.is_authenticated": {
          "executed_lines": [],
          "summary": {
            "covered_lines": 0,
            "num_statements": 0,
            "percent_covered": 100.0,
            "percent_covered_display": "100.00",
            "missing_lines": 0,
            "excluded_lines": 7
          },
          "missing_lines": [],
          "excluded_lines": [215, 216, 217, 218, 219, 220, 221]
        },
        "Logger.debug": {
          "executed_lines": [],
          "summary": {
            "covered_lines": 0,
            "num_statements": 0,
            "percent_covered": 100.0,
            "percent_covered_display": "100.00",
            "missing_lines": 0,
            "excluded_lines": 2
          },
          "missing_lines": [],
          "excluded_lines": [229, 230]
        },
        "Logger.info": {
          "executed_lines": [],
          "summary": {
            "covered_lines": 0,
            "num_statements": 0,
            "percent_covered": 100.0,
            "percent_covered_display": "100.00",
            "missing_lines": 0,
            "excluded_lines": 2
          },
          "missing_lines": [],
          "excluded_lines": [234, 235]
        },
        "Logger.warning": {
          "executed_lines": [],
          "summary": {
            "covered_lines": 0,
            "num_statements": 0,
            "percent_covered": 100.0,
            "percent_covered_display": "100.00",
            "missing_lines": 0,
            "excluded_lines": 2
          },
          "missing_lines": [],
          "excluded_lines": [239, 240]
        },
        "Logger.error": {
          "executed_lines": [],
          "summary": {
            "covered_lines": 0,
            "num_statements": 0,
            "percent_covered": 100.0,
            "percent_covered_display": "100.00",
            "missing_lines": 0,
            "excluded_lines": 2
          },
          "missing_lines": [],
          "excluded_lines": [244, 245]
        },
        "Logger.critical": {
          "executed_lines": [],
          "summary": {
            "covered_lines": 0,
            "num_statements": 0,
            "percent_covered": 100.0,
            "percent_covered_display": "100.00",
            "missing_lines": 0,
            "excluded_lines": 2
          },
          "missing_lines": [],
          "excluded_lines": [249, 250]
        },
        "EventBus.publish": {
          "executed_lines": [],
          "summary": {
            "covered_lines": 0,
            "num_statements": 0,
            "percent_covered": 100.0,
            "percent_covered_display": "100.00",
            "missing_lines": 0,
            "excluded_lines": 8
          },
          "missing_lines": [],
          "excluded_lines": [258, 259, 260, 261, 262, 263, 264, 265]
        },
        "EventBus.subscribe": {
          "executed_lines": [],
          "summary": {
            "covered_lines": 0,
            "num_statements": 0,
            "percent_covered": 100.0,
            "percent_covered_display": "100.00",
            "missing_lines": 0,
            "excluded_lines": 8
          },
          "missing_lines": [],
          "excluded_lines": [269, 270, 271, 272, 273, 274, 275, 276]
        },
        "EventBus.unsubscribe": {
          "executed_lines": [],
          "summary": {
            "covered_lines": 0,
            "num_statements": 0,
            "percent_covered": 100.0,
            "percent_covered_display": "100.00",
            "missing_lines": 0,
            "excluded_lines": 8
          },
          "missing_lines": [],
          "excluded_lines": [280, 281, 282, 283, 284, 285, 286, 287]
        },
        "": {
          "executed_lines": [
            1, 8, 9, 10, 13, 14, 15, 16, 17, 18, 19, 20, 22, 27, 28, 30, 31, 44,
            45, 58, 59, 72, 73, 87, 88, 90, 91, 103, 104, 117, 118, 128, 129,
            131, 132, 144, 145, 158, 159, 161, 162, 175, 176, 190, 191, 193,
            194, 203, 204, 213, 214, 224, 225, 227, 228, 232, 233, 237, 238,
            242, 243, 247, 248, 253, 254, 256, 257, 267, 268, 278, 279
          ],
          "summary": {
            "covered_lines": 17,
            "num_statements": 17,
            "percent_covered": 100.0,
            "percent_covered_display": "100.00",
            "missing_lines": 0,
            "excluded_lines": 44
          },
          "missing_lines": [],
          "excluded_lines": [
            30, 31, 44, 45, 58, 59, 72, 73, 90, 91, 103, 104, 117, 118, 131,
            132, 144, 145, 161, 162, 175, 176, 193, 194, 203, 204, 213, 214,
            227, 228, 232, 233, 237, 238, 242, 243, 247, 248, 256, 257, 267,
            268, 278, 279
          ]
        }
      },
      "classes": {
        "ProcessingResult": {
          "executed_lines": [23, 24],
          "summary": {
            "covered_lines": 2,
            "num_statements": 2,
            "percent_covered": 100.0,
            "percent_covered_display": "100.00",
            "missing_lines": 0,
            "excluded_lines": 0
          },
          "missing_lines": [],
          "excluded_lines": []
        },
        "DataStorage": {
          "executed_lines": [],
          "summary": {
            "covered_lines": 0,
            "num_statements": 0,
            "percent_covered": 100.0,
            "percent_covered_display": "100.00",
            "missing_lines": 0,
            "excluded_lines": 44
          },
          "missing_lines": [],
          "excluded_lines": [
            32, 33, 34, 35, 36, 37, 38, 39, 40, 41, 42, 46, 47, 48, 49, 50, 51,
            52, 53, 54, 55, 56, 60, 61, 62, 63, 64, 65, 66, 67, 68, 69, 70, 74,
            75, 76, 77, 78, 79, 80, 81, 82, 83, 84
          ]
        },
        "APIClient": {
          "executed_lines": [],
          "summary": {
            "covered_lines": 0,
            "num_statements": 0,
            "percent_covered": 100.0,
            "percent_covered_display": "100.00",
            "missing_lines": 0,
            "excluded_lines": 28
          },
          "missing_lines": [],
          "excluded_lines": [
            92, 93, 94, 95, 96, 97, 98, 99, 100, 101, 105, 106, 107, 108, 109,
            110, 111, 112, 113, 114, 115, 119, 120, 121, 122, 123, 124, 125
          ]
        },
        "DataValidator": {
          "executed_lines": [],
          "summary": {
            "covered_lines": 0,
            "num_statements": 0,
            "percent_covered": 100.0,
            "percent_covered_display": "100.00",
            "missing_lines": 0,
            "excluded_lines": 20
          },
          "missing_lines": [],
          "excluded_lines": [
            133, 134, 135, 136, 137, 138, 139, 140, 141, 142, 146, 147, 148,
            149, 150, 151, 152, 153, 154, 155
          ]
        },
        "DataProcessor": {
          "executed_lines": [],
          "summary": {
            "covered_lines": 0,
            "num_statements": 0,
            "percent_covered": 100.0,
            "percent_covered_display": "100.00",
            "missing_lines": 0,
            "excluded_lines": 22
          },
          "missing_lines": [],
          "excluded_lines": [
            163, 164, 165, 166, 167, 168, 169, 170, 171, 172, 173, 177, 178,
            179, 180, 181, 182, 183, 184, 185, 186, 187
          ]
        },
        "AuthenticationService": {
          "executed_lines": [],
          "summary": {
            "covered_lines": 0,
            "num_statements": 0,
            "percent_covered": 100.0,
            "percent_covered_display": "100.00",
            "missing_lines": 0,
            "excluded_lines": 21
          },
          "missing_lines": [],
          "excluded_lines": [
            195, 196, 197, 198, 199, 200, 201, 205, 206, 207, 208, 209, 210,
            211, 215, 216, 217, 218, 219, 220, 221
          ]
        },
        "Logger": {
          "executed_lines": [],
          "summary": {
            "covered_lines": 0,
            "num_statements": 0,
            "percent_covered": 100.0,
            "percent_covered_display": "100.00",
            "missing_lines": 0,
            "excluded_lines": 10
          },
          "missing_lines": [],
          "excluded_lines": [229, 230, 234, 235, 239, 240, 244, 245, 249, 250]
        },
        "EventBus": {
          "executed_lines": [],
          "summary": {
            "covered_lines": 0,
            "num_statements": 0,
            "percent_covered": 100.0,
            "percent_covered_display": "100.00",
            "missing_lines": 0,
            "excluded_lines": 24
          },
          "missing_lines": [],
          "excluded_lines": [
            258, 259, 260, 261, 262, 263, 264, 265, 269, 270, 271, 272, 273,
            274, 275, 276, 280, 281, 282, 283, 284, 285, 286, 287
          ]
        },
        "": {
          "executed_lines": [
            1, 8, 9, 10, 13, 14, 15, 16, 17, 18, 19, 20, 22, 27, 28, 30, 31, 44,
            45, 58, 59, 72, 73, 87, 88, 90, 91, 103, 104, 117, 118, 128, 129,
            131, 132, 144, 145, 158, 159, 161, 162, 175, 176, 190, 191, 193,
            194, 203, 204, 213, 214, 224, 225, 227, 228, 232, 233, 237, 238,
            242, 243, 247, 248, 253, 254, 256, 257, 267, 268, 278, 279
          ],
          "summary": {
            "covered_lines": 17,
            "num_statements": 17,
            "percent_covered": 100.0,
            "percent_covered_display": "100.00",
            "missing_lines": 0,
            "excluded_lines": 44
          },
          "missing_lines": [],
          "excluded_lines": [
            30, 31, 44, 45, 58, 59, 72, 73, 90, 91, 103, 104, 117, 118, 131,
            132, 144, 145, 161, 162, 175, 176, 193, 194, 203, 204, 213, 214,
            227, 228, 232, 233, 237, 238, 242, 243, 247, 248, 256, 257, 267,
            268, 278, 279
          ]
        }
      }
    },
    "core\\domain\\location_service.py": {
      "executed_lines": [
        3, 10, 11, 13, 16, 17, 18, 19, 20, 21, 22, 25, 26, 27, 28, 29, 30, 31,
        34, 35, 37, 54, 88, 117, 131, 138, 146, 159, 179, 188, 195, 209, 228,
        232, 237
      ],
      "summary": {
        "covered_lines": 29,
        "num_statements": 109,
        "percent_covered": 26.605504587155963,
        "percent_covered_display": "26.61",
        "missing_lines": 80,
        "excluded_lines": 0
      },
      "missing_lines": [
        39, 40, 43, 49, 71, 73, 74, 77, 78, 81, 82, 84, 85, 86, 95, 97, 99, 100,
        102, 103, 106, 108, 110, 119, 121, 122, 124, 126, 133, 140, 141, 143,
        144, 148, 149, 151, 153, 154, 155, 157, 161, 162, 163, 166, 167, 170,
        171, 174, 176, 177, 181, 182, 183, 184, 186, 190, 191, 193, 197, 198,
        199, 201, 202, 203, 204, 205, 207, 211, 212, 213, 216, 217, 220, 221,
        223, 225, 226, 230, 234, 239
      ],
      "excluded_lines": [],
      "functions": {
        "LocationService.__init__": {
          "executed_lines": [],
          "summary": {
            "covered_lines": 0,
            "num_statements": 4,
            "percent_covered": 0.0,
            "percent_covered_display": "0.00",
            "missing_lines": 4,
            "excluded_lines": 0
          },
          "missing_lines": [39, 40, 43, 49],
          "excluded_lines": []
        },
        "LocationService.analyze_location": {
          "executed_lines": [],
          "summary": {
            "covered_lines": 0,
            "num_statements": 10,
            "percent_covered": 0.0,
            "percent_covered_display": "0.00",
            "missing_lines": 10,
            "excluded_lines": 0
          },
          "missing_lines": [71, 73, 74, 77, 78, 81, 82, 84, 85, 86],
          "excluded_lines": []
        },
        "LocationService._analyze_by_coordinates": {
          "executed_lines": [],
          "summary": {
            "covered_lines": 0,
            "num_statements": 9,
            "percent_covered": 0.0,
            "percent_covered_display": "0.00",
            "missing_lines": 9,
            "excluded_lines": 0
          },
          "missing_lines": [95, 97, 99, 100, 102, 103, 106, 108, 110],
          "excluded_lines": []
        },
        "LocationService._analyze_by_address": {
          "executed_lines": [],
          "summary": {
            "covered_lines": 0,
            "num_statements": 5,
            "percent_covered": 0.0,
            "percent_covered_display": "0.00",
            "missing_lines": 5,
            "excluded_lines": 0
          },
          "missing_lines": [119, 121, 122, 124, 126],
          "excluded_lines": []
        },
        "LocationService._is_coordinates_in_sado": {
          "executed_lines": [],
          "summary": {
            "covered_lines": 0,
            "num_statements": 1,
            "percent_covered": 0.0,
            "percent_covered_display": "0.00",
            "missing_lines": 1,
            "excluded_lines": 0
          },
          "missing_lines": [133],
          "excluded_lines": []
        },
        "LocationService._is_address_in_sado": {
          "executed_lines": [],
          "summary": {
            "covered_lines": 0,
            "num_statements": 4,
            "percent_covered": 0.0,
            "percent_covered_display": "0.00",
            "missing_lines": 4,
            "excluded_lines": 0
          },
          "missing_lines": [140, 141, 143, 144],
          "excluded_lines": []
        },
        "LocationService._classify_district_from_address": {
          "executed_lines": [],
          "summary": {
            "covered_lines": 0,
            "num_statements": 7,
            "percent_covered": 0.0,
            "percent_covered_display": "0.00",
            "missing_lines": 7,
            "excluded_lines": 0
          },
          "missing_lines": [148, 149, 151, 153, 154, 155, 157],
          "excluded_lines": []
        },
        "LocationService._classify_district_from_coordinates": {
          "executed_lines": [],
          "summary": {
            "covered_lines": 0,
            "num_statements": 10,
            "percent_covered": 0.0,
            "percent_covered_display": "0.00",
            "missing_lines": 10,
            "excluded_lines": 0
          },
          "missing_lines": [161, 162, 163, 166, 167, 170, 171, 174, 176, 177],
          "excluded_lines": []
        },
        "LocationService._classify_north_district": {
          "executed_lines": [],
          "summary": {
            "covered_lines": 0,
            "num_statements": 5,
            "percent_covered": 0.0,
            "percent_covered_display": "0.00",
            "missing_lines": 5,
            "excluded_lines": 0
          },
          "missing_lines": [181, 182, 183, 184, 186],
          "excluded_lines": []
        },
        "LocationService._classify_south_district": {
          "executed_lines": [],
          "summary": {
            "covered_lines": 0,
            "num_statements": 3,
            "percent_covered": 0.0,
            "percent_covered_display": "0.00",
            "missing_lines": 3,
            "excluded_lines": 0
          },
          "missing_lines": [190, 191, 193],
          "excluded_lines": []
        },
        "LocationService._classify_central_district": {
          "executed_lines": [],
          "summary": {
            "covered_lines": 0,
            "num_statements": 9,
            "percent_covered": 0.0,
            "percent_covered_display": "0.00",
            "missing_lines": 9,
            "excluded_lines": 0
          },
          "missing_lines": [197, 198, 199, 201, 202, 203, 204, 205, 207],
          "excluded_lines": []
        },
        "LocationService.validate_coordinates": {
          "executed_lines": [],
          "summary": {
            "covered_lines": 0,
            "num_statements": 10,
            "percent_covered": 0.0,
            "percent_covered_display": "0.00",
            "missing_lines": 10,
            "excluded_lines": 0
          },
          "missing_lines": [211, 212, 213, 216, 217, 220, 221, 223, 225, 226],
          "excluded_lines": []
        },
        "LocationService.get_bounds": {
          "executed_lines": [],
          "summary": {
            "covered_lines": 0,
            "num_statements": 1,
            "percent_covered": 0.0,
            "percent_covered_display": "0.00",
            "missing_lines": 1,
            "excluded_lines": 0
          },
          "missing_lines": [230],
          "excluded_lines": []
        },
        "LocationService.get_district_keywords": {
          "executed_lines": [],
          "summary": {
            "covered_lines": 0,
            "num_statements": 1,
            "percent_covered": 0.0,
            "percent_covered_display": "0.00",
            "missing_lines": 1,
            "excluded_lines": 0
          },
          "missing_lines": [234],
          "excluded_lines": []
        },
        "create_location_service": {
          "executed_lines": [],
          "summary": {
            "covered_lines": 0,
            "num_statements": 1,
            "percent_covered": 0.0,
            "percent_covered_display": "0.00",
            "missing_lines": 1,
            "excluded_lines": 0
          },
          "missing_lines": [239],
          "excluded_lines": []
        },
        "": {
          "executed_lines": [
            3, 10, 11, 13, 16, 17, 18, 19, 20, 21, 22, 25, 26, 27, 28, 29, 30,
            31, 34, 35, 37, 54, 88, 117, 131, 138, 146, 159, 179, 188, 195, 209,
            228, 232, 237
          ],
          "summary": {
            "covered_lines": 29,
            "num_statements": 29,
            "percent_covered": 100.0,
            "percent_covered_display": "100.00",
            "missing_lines": 0,
            "excluded_lines": 0
          },
          "missing_lines": [],
          "excluded_lines": []
        }
      },
      "classes": {
        "SadoBounds": {
          "executed_lines": [],
          "summary": {
            "covered_lines": 0,
            "num_statements": 0,
            "percent_covered": 100.0,
            "percent_covered_display": "100.00",
            "missing_lines": 0,
            "excluded_lines": 0
          },
          "missing_lines": [],
          "excluded_lines": []
        },
        "LocationInfo": {
          "executed_lines": [],
          "summary": {
            "covered_lines": 0,
            "num_statements": 0,
            "percent_covered": 100.0,
            "percent_covered_display": "100.00",
            "missing_lines": 0,
            "excluded_lines": 0
          },
          "missing_lines": [],
          "excluded_lines": []
        },
        "LocationService": {
          "executed_lines": [],
          "summary": {
            "covered_lines": 0,
            "num_statements": 79,
            "percent_covered": 0.0,
            "percent_covered_display": "0.00",
            "missing_lines": 79,
            "excluded_lines": 0
          },
          "missing_lines": [
            39, 40, 43, 49, 71, 73, 74, 77, 78, 81, 82, 84, 85, 86, 95, 97, 99,
            100, 102, 103, 106, 108, 110, 119, 121, 122, 124, 126, 133, 140,
            141, 143, 144, 148, 149, 151, 153, 154, 155, 157, 161, 162, 163,
            166, 167, 170, 171, 174, 176, 177, 181, 182, 183, 184, 186, 190,
            191, 193, 197, 198, 199, 201, 202, 203, 204, 205, 207, 211, 212,
            213, 216, 217, 220, 221, 223, 225, 226, 230, 234
          ],
          "excluded_lines": []
        },
        "": {
          "executed_lines": [
            3, 10, 11, 13, 16, 17, 18, 19, 20, 21, 22, 25, 26, 27, 28, 29, 30,
            31, 34, 35, 37, 54, 88, 117, 131, 138, 146, 159, 179, 188, 195, 209,
            228, 232, 237
          ],
          "summary": {
            "covered_lines": 29,
            "num_statements": 30,
            "percent_covered": 96.66666666666667,
            "percent_covered_display": "96.67",
            "missing_lines": 1,
            "excluded_lines": 0
          },
          "missing_lines": [239],
          "excluded_lines": []
        }
      }
    },
    "core\\domain\\place_validator.py": {
      "executed_lines": [
        3, 9, 10, 12, 13, 14, 15, 18, 19, 21, 39, 106, 146, 154, 173, 205, 221,
        228, 235, 245, 252, 259, 265, 291, 299
      ],
      "summary": {
        "covered_lines": 23,
        "num_statements": 146,
        "percent_covered": 15.753424657534246,
        "percent_covered_display": "15.75",
        "missing_lines": 123,
        "excluded_lines": 0
      },
      "missing_lines": [
        23, 26, 34, 49, 50, 52, 54, 55, 56, 59, 60, 61, 62, 65, 68, 89, 97, 98,
        99, 116, 117, 118, 119, 121, 122, 123, 124, 125, 126, 127, 129, 130,
        132, 133, 134, 135, 136, 138, 148, 149, 150, 151, 152, 157, 158, 159,
        160, 161, 162, 164, 165, 167, 168, 169, 171, 175, 176, 178, 179, 180,
        181, 182, 187, 188, 189, 191, 192, 193, 195, 196, 197, 199, 201, 202,
        203, 207, 208, 209, 211, 212, 213, 214, 215, 216, 217, 218, 219, 223,
        226, 230, 231, 232, 233, 237, 238, 243, 247, 250, 254, 257, 261, 262,
        263, 267, 269, 270, 271, 272, 274, 275, 276, 279, 282, 283, 284, 286,
        288, 289, 293, 294, 295, 296, 301
      ],
      "excluded_lines": [],
      "functions": {
        "PlaceDataValidator.__init__": {
          "executed_lines": [],
          "summary": {
            "covered_lines": 0,
            "num_statements": 3,
            "percent_covered": 0.0,
            "percent_covered_display": "0.00",
            "missing_lines": 3,
            "excluded_lines": 0
          },
          "missing_lines": [23, 26, 34],
          "excluded_lines": []
        },
        "PlaceDataValidator.validate": {
          "executed_lines": [],
          "summary": {
            "covered_lines": 0,
            "num_statements": 16,
            "percent_covered": 0.0,
            "percent_covered_display": "0.00",
            "missing_lines": 16,
            "excluded_lines": 0
          },
          "missing_lines": [
            49, 50, 52, 54, 55, 56, 59, 60, 61, 62, 65, 68, 89, 97, 98, 99
          ],
          "excluded_lines": []
        },
        "PlaceDataValidator.validate_batch": {
          "executed_lines": [],
          "summary": {
            "covered_lines": 0,
            "num_statements": 19,
            "percent_covered": 0.0,
            "percent_covered_display": "0.00",
            "missing_lines": 19,
            "excluded_lines": 0
          },
          "missing_lines": [
            116, 117, 118, 119, 121, 122, 123, 124, 125, 126, 127, 129, 130,
            132, 133, 134, 135, 136, 138
          ],
          "excluded_lines": []
        },
        "PlaceDataValidator._validate_place_id": {
          "executed_lines": [],
          "summary": {
            "covered_lines": 0,
            "num_statements": 5,
            "percent_covered": 0.0,
            "percent_covered_display": "0.00",
            "missing_lines": 5,
            "excluded_lines": 0
          },
          "missing_lines": [148, 149, 150, 151, 152],
          "excluded_lines": []
        },
        "PlaceDataValidator._validate_name": {
          "executed_lines": [],
          "summary": {
            "covered_lines": 0,
            "num_statements": 12,
            "percent_covered": 0.0,
            "percent_covered_display": "0.00",
            "missing_lines": 12,
            "excluded_lines": 0
          },
          "missing_lines": [
            157, 158, 159, 160, 161, 162, 164, 165, 167, 168, 169, 171
          ],
          "excluded_lines": []
        },
        "PlaceDataValidator._validate_location": {
          "executed_lines": [],
          "summary": {
            "covered_lines": 0,
            "num_statements": 20,
            "percent_covered": 0.0,
            "percent_covered_display": "0.00",
            "missing_lines": 20,
            "excluded_lines": 0
          },
          "missing_lines": [
            175, 176, 178, 179, 180, 181, 182, 187, 188, 189, 191, 192, 193,
            195, 196, 197, 199, 201, 202, 203
          ],
          "excluded_lines": []
        },
        "PlaceDataValidator._validate_rating": {
          "executed_lines": [],
          "summary": {
            "covered_lines": 0,
            "num_statements": 12,
            "percent_covered": 0.0,
            "percent_covered_display": "0.00",
            "missing_lines": 12,
            "excluded_lines": 0
          },
          "missing_lines": [
            207, 208, 209, 211, 212, 213, 214, 215, 216, 217, 218, 219
          ],
          "excluded_lines": []
        },
        "PlaceDataValidator._clean_address": {
          "executed_lines": [],
          "summary": {
            "covered_lines": 0,
            "num_statements": 2,
            "percent_covered": 0.0,
            "percent_covered_display": "0.00",
            "missing_lines": 2,
            "excluded_lines": 0
          },
          "missing_lines": [223, 226],
          "excluded_lines": []
        },
        "PlaceDataValidator._clean_types": {
          "executed_lines": [],
          "summary": {
            "covered_lines": 0,
            "num_statements": 4,
            "percent_covered": 0.0,
            "percent_covered_display": "0.00",
            "missing_lines": 4,
            "excluded_lines": 0
          },
          "missing_lines": [230, 231, 232, 233],
          "excluded_lines": []
        },
        "PlaceDataValidator._clean_business_status": {
          "executed_lines": [],
          "summary": {
            "covered_lines": 0,
            "num_statements": 3,
            "percent_covered": 0.0,
            "percent_covered_display": "0.00",
            "missing_lines": 3,
            "excluded_lines": 0
          },
          "missing_lines": [237, 238, 243],
          "excluded_lines": []
        },
        "PlaceDataValidator._clean_phone_number": {
          "executed_lines": [],
          "summary": {
            "covered_lines": 0,
            "num_statements": 2,
            "percent_covered": 0.0,
            "percent_covered_display": "0.00",
            "missing_lines": 2,
            "excluded_lines": 0
          },
          "missing_lines": [247, 250],
          "excluded_lines": []
        },
        "PlaceDataValidator._clean_website": {
          "executed_lines": [],
          "summary": {
            "covered_lines": 0,
            "num_statements": 2,
            "percent_covered": 0.0,
            "percent_covered_display": "0.00",
            "missing_lines": 2,
            "excluded_lines": 0
          },
          "missing_lines": [254, 257],
          "excluded_lines": []
        },
        "PlaceDataValidator._generate_maps_url": {
          "executed_lines": [],
          "summary": {
            "covered_lines": 0,
            "num_statements": 3,
            "percent_covered": 0.0,
            "percent_covered_display": "0.00",
            "missing_lines": 3,
            "excluded_lines": 0
          },
          "missing_lines": [261, 262, 263],
          "excluded_lines": []
        },
        "PlaceDataValidator._analyze_location": {
          "executed_lines": [],
          "summary": {
            "covered_lines": 0,
            "num_statements": 15,
            "percent_covered": 0.0,
            "percent_covered_display": "0.00",
            "missing_lines": 15,
            "excluded_lines": 0
          },
          "missing_lines": [
            267, 269, 270, 271, 272, 274, 275, 276, 279, 282, 283, 284, 286,
            288, 289
          ],
          "excluded_lines": []
        },
        "PlaceDataValidator._classify_district_from_address": {
          "executed_lines": [],
          "summary": {
            "covered_lines": 0,
            "num_statements": 4,
            "percent_covered": 0.0,
            "percent_covered_display": "0.00",
            "missing_lines": 4,
            "excluded_lines": 0
          },
          "missing_lines": [293, 294, 295, 296],
          "excluded_lines": []
        },
        "create_place_validator": {
          "executed_lines": [],
          "summary": {
            "covered_lines": 0,
            "num_statements": 1,
            "percent_covered": 0.0,
            "percent_covered_display": "0.00",
            "missing_lines": 1,
            "excluded_lines": 0
          },
          "missing_lines": [301],
          "excluded_lines": []
        },
        "": {
          "executed_lines": [
            3, 9, 10, 12, 13, 14, 15, 18, 19, 21, 39, 106, 146, 154, 173, 205,
            221, 228, 235, 245, 252, 259, 265, 291, 299
          ],
          "summary": {
            "covered_lines": 23,
            "num_statements": 23,
            "percent_covered": 100.0,
            "percent_covered_display": "100.00",
            "missing_lines": 0,
            "excluded_lines": 0
          },
          "missing_lines": [],
          "excluded_lines": []
        }
      },
      "classes": {
        "PlaceDataValidator": {
          "executed_lines": [],
          "summary": {
            "covered_lines": 0,
            "num_statements": 122,
            "percent_covered": 0.0,
            "percent_covered_display": "0.00",
            "missing_lines": 122,
            "excluded_lines": 0
          },
          "missing_lines": [
            23, 26, 34, 49, 50, 52, 54, 55, 56, 59, 60, 61, 62, 65, 68, 89, 97,
            98, 99, 116, 117, 118, 119, 121, 122, 123, 124, 125, 126, 127, 129,
            130, 132, 133, 134, 135, 136, 138, 148, 149, 150, 151, 152, 157,
            158, 159, 160, 161, 162, 164, 165, 167, 168, 169, 171, 175, 176,
            178, 179, 180, 181, 182, 187, 188, 189, 191, 192, 193, 195, 196,
            197, 199, 201, 202, 203, 207, 208, 209, 211, 212, 213, 214, 215,
            216, 217, 218, 219, 223, 226, 230, 231, 232, 233, 237, 238, 243,
            247, 250, 254, 257, 261, 262, 263, 267, 269, 270, 271, 272, 274,
            275, 276, 279, 282, 283, 284, 286, 288, 289, 293, 294, 295, 296
          ],
          "excluded_lines": []
        },
        "": {
          "executed_lines": [
            3, 9, 10, 12, 13, 14, 15, 18, 19, 21, 39, 106, 146, 154, 173, 205,
            221, 228, 235, 245, 252, 259, 265, 291, 299
          ],
          "summary": {
            "covered_lines": 23,
            "num_statements": 24,
            "percent_covered": 95.83333333333333,
            "percent_covered_display": "95.83",
            "missing_lines": 1,
            "excluded_lines": 0
          },
          "missing_lines": [301],
          "excluded_lines": []
        }
      }
    },
    "core\\processors\\__init__.py": {
      "executed_lines": [1],
      "summary": {
        "covered_lines": 0,
        "num_statements": 0,
        "percent_covered": 100.0,
        "percent_covered_display": "100.00",
        "missing_lines": 0,
        "excluded_lines": 0
      },
      "missing_lines": [],
      "excluded_lines": [],
      "functions": {
        "": {
          "executed_lines": [1],
          "summary": {
            "covered_lines": 0,
            "num_statements": 0,
            "percent_covered": 100.0,
            "percent_covered_display": "100.00",
            "missing_lines": 0,
            "excluded_lines": 0
          },
          "missing_lines": [],
          "excluded_lines": []
        }
      },
      "classes": {
        "": {
          "executed_lines": [1],
          "summary": {
            "covered_lines": 0,
            "num_statements": 0,
            "percent_covered": 100.0,
            "percent_covered_display": "100.00",
            "missing_lines": 0,
            "excluded_lines": 0
          },
          "missing_lines": [],
          "excluded_lines": []
        }
      }
    },
    "core\\processors\\data_processor.py": {
      "executed_lines": [
        3, 11, 12, 13, 14, 15, 16, 17, 20, 21, 22, 23, 24, 25, 26, 29, 30, 31,
        35, 36, 37, 40, 41, 43, 86, 149, 173, 237, 265, 271, 278, 289, 297, 315,
        344, 356, 384, 418, 424, 459, 477, 492, 516, 521, 526, 566, 587, 610,
        625, 640, 655, 667, 684, 692, 707, 716, 728, 738, 746, 769, 796, 814,
        836, 850, 859, 867, 875, 885, 898, 918, 930, 939, 955, 968, 977, 986,
        996, 1018, 1035, 1057
      ],
      "summary": {
        "covered_lines": 77,
        "num_statements": 504,
        "percent_covered": 15.277777777777779,
        "percent_covered_display": "15.28",
        "missing_lines": 427,
        "excluded_lines": 0
      },
      "missing_lines": [
        54, 55, 56, 57, 58, 59, 62, 63, 66, 67, 68, 69, 75, 77, 78, 79, 81, 88,
        90, 91, 92, 94, 95, 98, 99, 101, 109, 111, 112, 113, 116, 117, 118, 126,
        127, 135, 140, 142, 143, 145, 146, 147, 151, 153, 156, 162, 163, 164,
        165, 166, 168, 170, 171, 175, 176, 179, 180, 181, 184, 185, 190, 191,
        196, 197, 198, 200, 201, 202, 203, 204, 205, 207, 208, 209, 211, 212,
        215, 217, 218, 219, 221, 222, 231, 235, 239, 240, 241, 243, 245, 246,
        247, 248, 251, 252, 255, 258, 259, 261, 262, 263, 267, 268, 269, 273,
        280, 281, 283, 284, 291, 292, 293, 295, 299, 300, 311, 312, 313, 318,
        321, 327, 336, 342, 346, 353, 354, 358, 359, 360, 361, 362, 364, 365,
        366, 367, 368, 369, 371, 372, 375, 377, 378, 380, 381, 382, 386, 387,
        389, 390, 392, 393, 399, 401, 402, 403, 405, 406, 416, 421, 422, 426,
        428, 429, 431, 432, 438, 440, 441, 442, 443, 445, 446, 457, 461, 472,
        473, 475, 479, 481, 482, 484, 485, 487, 490, 494, 495, 497, 498, 500,
        501, 503, 504, 505, 506, 507, 508, 511, 512, 514, 518, 519, 523, 524,
        528, 529, 532, 539, 540, 542, 544, 546, 547, 548, 549, 551, 552, 553,
        555, 557, 558, 559, 560, 561, 562, 564, 569, 570, 572, 573, 574, 575,
        577, 580, 581, 582, 583, 585, 590, 591, 592, 593, 594, 597, 608, 612,
        613, 616, 617, 619, 628, 629, 630, 631, 634, 642, 645, 646, 648, 649,
        650, 651, 653, 657, 658, 659, 661, 669, 686, 694, 709, 710, 718, 719,
        730, 740, 748, 749, 752, 761, 762, 763, 766, 767, 772, 773, 774, 777,
        780, 781, 782, 783, 784, 785, 786, 787, 790, 791, 792, 794, 798, 799,
        802, 803, 804, 807, 808, 809, 812, 816, 818, 827, 828, 829, 830, 831,
        832, 833, 834, 838, 840, 841, 843, 844, 845, 846, 847, 848, 852, 854,
        856, 857, 861, 863, 864, 865, 869, 870, 872, 873, 877, 883, 887, 888,
        890, 891, 892, 894, 896, 901, 902, 905, 906, 909, 910, 912, 914, 915,
        916, 920, 921, 922, 924, 932, 936, 937, 941, 942, 943, 945, 946, 947,
        949, 951, 952, 953, 957, 958, 961, 964, 966, 970, 971, 972, 975, 979,
        980, 981, 982, 988, 989, 990, 991, 992, 998, 999, 1000, 1002, 1004,
        1007, 1008, 1009, 1012, 1014, 1015, 1016, 1021, 1023, 1024, 1025, 1026,
        1027, 1029, 1033, 1037, 1039, 1040, 1043, 1045, 1046, 1047, 1049, 1050,
        1055, 1059, 1061, 1062, 1064, 1066
      ],
      "excluded_lines": [],
      "functions": {
        "DataProcessor.__init__": {
          "executed_lines": [],
          "summary": {
            "covered_lines": 0,
            "num_statements": 17,
            "percent_covered": 0.0,
            "percent_covered_display": "0.00",
            "missing_lines": 17,
            "excluded_lines": 0
          },
          "missing_lines": [
            54, 55, 56, 57, 58, 59, 62, 63, 66, 67, 68, 69, 75, 77, 78, 79, 81
          ],
          "excluded_lines": []
        },
        "DataProcessor.parse_query_file": {
          "executed_lines": [],
          "summary": {
            "covered_lines": 0,
            "num_statements": 25,
            "percent_covered": 0.0,
            "percent_covered_display": "0.00",
            "missing_lines": 25,
            "excluded_lines": 0
          },
          "missing_lines": [
            88, 90, 91, 92, 94, 95, 98, 99, 101, 109, 111, 112, 113, 116, 117,
            118, 126, 127, 135, 140, 142, 143, 145, 146, 147
          ],
          "excluded_lines": []
        },
        "DataProcessor.extract_name_from_url": {
          "executed_lines": [],
          "summary": {
            "covered_lines": 0,
            "num_statements": 11,
            "percent_covered": 0.0,
            "percent_covered_display": "0.00",
            "missing_lines": 11,
            "excluded_lines": 0
          },
          "missing_lines": [
            151, 153, 156, 162, 163, 164, 165, 166, 168, 170, 171
          ],
          "excluded_lines": []
        },
        "DataProcessor.process_all_queries": {
          "executed_lines": [],
          "summary": {
            "covered_lines": 0,
            "num_statements": 31,
            "percent_covered": 0.0,
            "percent_covered_display": "0.00",
            "missing_lines": 31,
            "excluded_lines": 0
          },
          "missing_lines": [
            175, 176, 179, 180, 181, 184, 185, 190, 191, 196, 197, 198, 200,
            201, 202, 203, 204, 205, 207, 208, 209, 211, 212, 215, 217, 218,
            219, 221, 222, 231, 235
          ],
          "excluded_lines": []
        },
        "DataProcessor.process_all_queries_async": {
          "executed_lines": [],
          "summary": {
            "covered_lines": 0,
            "num_statements": 16,
            "percent_covered": 0.0,
            "percent_covered_display": "0.00",
            "missing_lines": 16,
            "excluded_lines": 0
          },
          "missing_lines": [
            239, 240, 241, 243, 245, 246, 247, 248, 251, 252, 255, 258, 259,
            261, 262, 263
          ],
          "excluded_lines": []
        },
        "DataProcessor._initialize_processing_state": {
          "executed_lines": [],
          "summary": {
            "covered_lines": 0,
            "num_statements": 3,
            "percent_covered": 0.0,
            "percent_covered_display": "0.00",
            "missing_lines": 3,
            "excluded_lines": 0
          },
          "missing_lines": [267, 268, 269],
          "excluded_lines": []
        },
        "DataProcessor._log_filtering_results": {
          "executed_lines": [],
          "summary": {
            "covered_lines": 0,
            "num_statements": 1,
            "percent_covered": 0.0,
            "percent_covered_display": "0.00",
            "missing_lines": 1,
            "excluded_lines": 0
          },
          "missing_lines": [273],
          "excluded_lines": []
        },
        "DataProcessor._execute_async_batch_processing": {
          "executed_lines": [],
          "summary": {
            "covered_lines": 0,
            "num_statements": 4,
            "percent_covered": 0.0,
            "percent_covered_display": "0.00",
            "missing_lines": 4,
            "excluded_lines": 0
          },
          "missing_lines": [280, 281, 283, 284],
          "excluded_lines": []
        },
        "DataProcessor._integrate_batch_results": {
          "executed_lines": [],
          "summary": {
            "covered_lines": 0,
            "num_statements": 4,
            "percent_covered": 0.0,
            "percent_covered_display": "0.00",
            "missing_lines": 4,
            "excluded_lines": 0
          },
          "missing_lines": [291, 292, 293, 295],
          "excluded_lines": []
        },
        "DataProcessor._handle_failed_result": {
          "executed_lines": [],
          "summary": {
            "covered_lines": 0,
            "num_statements": 5,
            "percent_covered": 0.0,
            "percent_covered_display": "0.00",
            "missing_lines": 5,
            "excluded_lines": 0
          },
          "missing_lines": [299, 300, 311, 312, 313],
          "excluded_lines": []
        },
        "DataProcessor._create_processing_result": {
          "executed_lines": [],
          "summary": {
            "covered_lines": 0,
            "num_statements": 5,
            "percent_covered": 0.0,
            "percent_covered_display": "0.00",
            "missing_lines": 5,
            "excluded_lines": 0
          },
          "missing_lines": [318, 321, 327, 336, 342],
          "excluded_lines": []
        },
        "DataProcessor._handle_async_processing_error": {
          "executed_lines": [],
          "summary": {
            "covered_lines": 0,
            "num_statements": 3,
            "percent_covered": 0.0,
            "percent_covered_display": "0.00",
            "missing_lines": 3,
            "excluded_lines": 0
          },
          "missing_lines": [346, 353, 354],
          "excluded_lines": []
        },
        "DataProcessor._process_single_query_async": {
          "executed_lines": [],
          "summary": {
            "covered_lines": 0,
            "num_statements": 19,
            "percent_covered": 0.0,
            "percent_covered_display": "0.00",
            "missing_lines": 19,
            "excluded_lines": 0
          },
          "missing_lines": [
            358, 359, 360, 361, 362, 364, 365, 366, 367, 368, 369, 371, 372,
            375, 377, 378, 380, 381, 382
          ],
          "excluded_lines": []
        },
        "DataProcessor._process_cid_url_async": {
          "executed_lines": [],
          "summary": {
            "covered_lines": 0,
            "num_statements": 13,
            "percent_covered": 0.0,
            "percent_covered_display": "0.00",
            "missing_lines": 13,
            "excluded_lines": 0
          },
          "missing_lines": [
            386, 387, 389, 390, 392, 393, 399, 401, 402, 403, 405, 406, 416
          ],
          "excluded_lines": []
        },
        "DataProcessor._process_maps_url_async": {
          "executed_lines": [],
          "summary": {
            "covered_lines": 0,
            "num_statements": 2,
            "percent_covered": 0.0,
            "percent_covered_display": "0.00",
            "missing_lines": 2,
            "excluded_lines": 0
          },
          "missing_lines": [421, 422],
          "excluded_lines": []
        },
        "DataProcessor._process_store_name_async": {
          "executed_lines": [],
          "summary": {
            "covered_lines": 0,
            "num_statements": 13,
            "percent_covered": 0.0,
            "percent_covered_display": "0.00",
            "missing_lines": 13,
            "excluded_lines": 0
          },
          "missing_lines": [
            426, 428, 429, 431, 432, 438, 440, 441, 442, 443, 445, 446, 457
          ],
          "excluded_lines": []
        },
        "DataProcessor.get_processing_statistics": {
          "executed_lines": [],
          "summary": {
            "covered_lines": 0,
            "num_statements": 4,
            "percent_covered": 0.0,
            "percent_covered_display": "0.00",
            "missing_lines": 4,
            "excluded_lines": 0
          },
          "missing_lines": [461, 472, 473, 475],
          "excluded_lines": []
        },
        "DataProcessor._filter_queries_by_mode": {
          "executed_lines": [],
          "summary": {
            "covered_lines": 0,
            "num_statements": 7,
            "percent_covered": 0.0,
            "percent_covered_display": "0.00",
            "missing_lines": 7,
            "excluded_lines": 0
          },
          "missing_lines": [479, 481, 482, 484, 485, 487, 490],
          "excluded_lines": []
        },
        "DataProcessor.process_cid_url": {
          "executed_lines": [],
          "summary": {
            "covered_lines": 0,
            "num_statements": 15,
            "percent_covered": 0.0,
            "percent_covered_display": "0.00",
            "missing_lines": 15,
            "excluded_lines": 0
          },
          "missing_lines": [
            494, 495, 497, 498, 500, 501, 503, 504, 505, 506, 507, 508, 511,
            512, 514
          ],
          "excluded_lines": []
        },
        "DataProcessor.process_maps_url": {
          "executed_lines": [],
          "summary": {
            "covered_lines": 0,
            "num_statements": 2,
            "percent_covered": 0.0,
            "percent_covered_display": "0.00",
            "missing_lines": 2,
            "excluded_lines": 0
          },
          "missing_lines": [518, 519],
          "excluded_lines": []
        },
        "DataProcessor.process_store_name": {
          "executed_lines": [],
          "summary": {
            "covered_lines": 0,
            "num_statements": 2,
            "percent_covered": 0.0,
            "percent_covered_display": "0.00",
            "missing_lines": 2,
            "excluded_lines": 0
          },
          "missing_lines": [523, 524],
          "excluded_lines": []
        },
        "DataProcessor.search_by_name": {
          "executed_lines": [],
          "summary": {
            "covered_lines": 0,
            "num_statements": 22,
            "percent_covered": 0.0,
            "percent_covered_display": "0.00",
            "missing_lines": 22,
            "excluded_lines": 0
          },
          "missing_lines": [
            528, 529, 532, 539, 540, 542, 544, 546, 547, 548, 549, 551, 552,
            553, 555, 557, 558, 559, 560, 561, 562, 564
          ],
          "excluded_lines": []
        },
        "DataProcessor.select_best_match": {
          "executed_lines": [],
          "summary": {
            "covered_lines": 0,
            "num_statements": 12,
            "percent_covered": 0.0,
            "percent_covered_display": "0.00",
            "missing_lines": 12,
            "excluded_lines": 0
          },
          "missing_lines": [
            569, 570, 572, 573, 574, 575, 577, 580, 581, 582, 583, 585
          ],
          "excluded_lines": []
        },
        "DataProcessor.format_result": {
          "executed_lines": [],
          "summary": {
            "covered_lines": 0,
            "num_statements": 7,
            "percent_covered": 0.0,
            "percent_covered_display": "0.00",
            "missing_lines": 7,
            "excluded_lines": 0
          },
          "missing_lines": [590, 591, 592, 593, 594, 597, 608],
          "excluded_lines": []
        },
        "DataProcessor._extract_basic_info": {
          "executed_lines": [],
          "summary": {
            "covered_lines": 0,
            "num_statements": 5,
            "percent_covered": 0.0,
            "percent_covered_display": "0.00",
            "missing_lines": 5,
            "excluded_lines": 0
          },
          "missing_lines": [612, 613, 616, 617, 619],
          "excluded_lines": []
        },
        "DataProcessor._get_location_info": {
          "executed_lines": [],
          "summary": {
            "covered_lines": 0,
            "num_statements": 5,
            "percent_covered": 0.0,
            "percent_covered_display": "0.00",
            "missing_lines": 5,
            "excluded_lines": 0
          },
          "missing_lines": [628, 629, 630, 631, 634],
          "excluded_lines": []
        },
        "DataProcessor._generate_maps_url": {
          "executed_lines": [],
          "summary": {
            "covered_lines": 0,
            "num_statements": 8,
            "percent_covered": 0.0,
            "percent_covered_display": "0.00",
            "missing_lines": 8,
            "excluded_lines": 0
          },
          "missing_lines": [642, 645, 646, 648, 649, 650, 651, 653],
          "excluded_lines": []
        },
        "DataProcessor._get_category_info": {
          "executed_lines": [],
          "summary": {
            "covered_lines": 0,
            "num_statements": 4,
            "percent_covered": 0.0,
            "percent_covered_display": "0.00",
            "missing_lines": 4,
            "excluded_lines": 0
          },
          "missing_lines": [657, 658, 659, 661],
          "excluded_lines": []
        },
        "DataProcessor._get_service_info": {
          "executed_lines": [],
          "summary": {
            "covered_lines": 0,
            "num_statements": 1,
            "percent_covered": 0.0,
            "percent_covered_display": "0.00",
            "missing_lines": 1,
            "excluded_lines": 0
          },
          "missing_lines": [669],
          "excluded_lines": []
        },
        "DataProcessor._create_name_fields": {
          "executed_lines": [],
          "summary": {
            "covered_lines": 0,
            "num_statements": 1,
            "percent_covered": 0.0,
            "percent_covered_display": "0.00",
            "missing_lines": 1,
            "excluded_lines": 0
          },
          "missing_lines": [686],
          "excluded_lines": []
        },
        "DataProcessor._create_location_fields": {
          "executed_lines": [],
          "summary": {
            "covered_lines": 0,
            "num_statements": 1,
            "percent_covered": 0.0,
            "percent_covered_display": "0.00",
            "missing_lines": 1,
            "excluded_lines": 0
          },
          "missing_lines": [694],
          "excluded_lines": []
        },
        "DataProcessor._create_rating_fields": {
          "executed_lines": [],
          "summary": {
            "covered_lines": 0,
            "num_statements": 2,
            "percent_covered": 0.0,
            "percent_covered_display": "0.00",
            "missing_lines": 2,
            "excluded_lines": 0
          },
          "missing_lines": [709, 710],
          "excluded_lines": []
        },
        "DataProcessor._create_business_fields": {
          "executed_lines": [],
          "summary": {
            "covered_lines": 0,
            "num_statements": 2,
            "percent_covered": 0.0,
            "percent_covered_display": "0.00",
            "missing_lines": 2,
            "excluded_lines": 0
          },
          "missing_lines": [718, 719],
          "excluded_lines": []
        },
        "DataProcessor._create_category_fields": {
          "executed_lines": [],
          "summary": {
            "covered_lines": 0,
            "num_statements": 1,
            "percent_covered": 0.0,
            "percent_covered_display": "0.00",
            "missing_lines": 1,
            "excluded_lines": 0
          },
          "missing_lines": [730],
          "excluded_lines": []
        },
        "DataProcessor._create_metadata_fields": {
          "executed_lines": [],
          "summary": {
            "covered_lines": 0,
            "num_statements": 1,
            "percent_covered": 0.0,
            "percent_covered_display": "0.00",
            "missing_lines": 1,
            "excluded_lines": 0
          },
          "missing_lines": [740],
          "excluded_lines": []
        },
        "DataProcessor._extract_primary_category": {
          "executed_lines": [],
          "summary": {
            "covered_lines": 0,
            "num_statements": 8,
            "percent_covered": 0.0,
            "percent_covered_display": "0.00",
            "missing_lines": 8,
            "excluded_lines": 0
          },
          "missing_lines": [748, 749, 752, 761, 762, 763, 766, 767],
          "excluded_lines": []
        },
        "DataProcessor._generate_facility_description": {
          "executed_lines": [],
          "summary": {
            "covered_lines": 0,
            "num_statements": 16,
            "percent_covered": 0.0,
            "percent_covered_display": "0.00",
            "missing_lines": 16,
            "excluded_lines": 0
          },
          "missing_lines": [
            772, 773, 774, 777, 780, 781, 782, 783, 784, 785, 786, 787, 790,
            791, 792, 794
          ],
          "excluded_lines": []
        },
        "DataProcessor._extract_short_address": {
          "executed_lines": [],
          "summary": {
            "covered_lines": 0,
            "num_statements": 9,
            "percent_covered": 0.0,
            "percent_covered_display": "0.00",
            "missing_lines": 9,
            "excluded_lines": 0
          },
          "missing_lines": [798, 799, 802, 803, 804, 807, 808, 809, 812],
          "excluded_lines": []
        },
        "DataProcessor._try_sado_patterns": {
          "executed_lines": [],
          "summary": {
            "covered_lines": 0,
            "num_statements": 10,
            "percent_covered": 0.0,
            "percent_covered_display": "0.00",
            "missing_lines": 10,
            "excluded_lines": 0
          },
          "missing_lines": [816, 818, 827, 828, 829, 830, 831, 832, 833, 834],
          "excluded_lines": []
        },
        "DataProcessor._try_general_patterns": {
          "executed_lines": [],
          "summary": {
            "covered_lines": 0,
            "num_statements": 9,
            "percent_covered": 0.0,
            "percent_covered_display": "0.00",
            "missing_lines": 9,
            "excluded_lines": 0
          },
          "missing_lines": [838, 840, 841, 843, 844, 845, 846, 847, 848],
          "excluded_lines": []
        },
        "DataProcessor._clean_area_name": {
          "executed_lines": [],
          "summary": {
            "covered_lines": 0,
            "num_statements": 4,
            "percent_covered": 0.0,
            "percent_covered_display": "0.00",
            "missing_lines": 4,
            "excluded_lines": 0
          },
          "missing_lines": [852, 854, 856, 857],
          "excluded_lines": []
        },
        "DataProcessor._fallback_address_extraction": {
          "executed_lines": [],
          "summary": {
            "covered_lines": 0,
            "num_statements": 4,
            "percent_covered": 0.0,
            "percent_covered_display": "0.00",
            "missing_lines": 4,
            "excluded_lines": 0
          },
          "missing_lines": [861, 863, 864, 865],
          "excluded_lines": []
        },
        "DataProcessor.format_opening_hours": {
          "executed_lines": [],
          "summary": {
            "covered_lines": 0,
            "num_statements": 4,
            "percent_covered": 0.0,
            "percent_covered_display": "0.00",
            "missing_lines": 4,
            "excluded_lines": 0
          },
          "missing_lines": [869, 870, 872, 873],
          "excluded_lines": []
        },
        "DataProcessor.translate_price_level": {
          "executed_lines": [],
          "summary": {
            "covered_lines": 0,
            "num_statements": 2,
            "percent_covered": 0.0,
            "percent_covered_display": "0.00",
            "missing_lines": 2,
            "excluded_lines": 0
          },
          "missing_lines": [877, 883],
          "excluded_lines": []
        },
        "DataProcessor.separate_sado_data": {
          "executed_lines": [],
          "summary": {
            "covered_lines": 0,
            "num_statements": 7,
            "percent_covered": 0.0,
            "percent_covered_display": "0.00",
            "missing_lines": 7,
            "excluded_lines": 0
          },
          "missing_lines": [887, 888, 890, 891, 892, 894, 896],
          "excluded_lines": []
        },
        "DataProcessor._is_sado_location": {
          "executed_lines": [],
          "summary": {
            "covered_lines": 0,
            "num_statements": 10,
            "percent_covered": 0.0,
            "percent_covered_display": "0.00",
            "missing_lines": 10,
            "excluded_lines": 0
          },
          "missing_lines": [901, 902, 905, 906, 909, 910, 912, 914, 915, 916],
          "excluded_lines": []
        },
        "DataProcessor._analyze_location_for_result": {
          "executed_lines": [],
          "summary": {
            "covered_lines": 0,
            "num_statements": 4,
            "percent_covered": 0.0,
            "percent_covered_display": "0.00",
            "missing_lines": 4,
            "excluded_lines": 0
          },
          "missing_lines": [920, 921, 922, 924],
          "excluded_lines": []
        },
        "DataProcessor._handle_location_error": {
          "executed_lines": [],
          "summary": {
            "covered_lines": 0,
            "num_statements": 3,
            "percent_covered": 0.0,
            "percent_covered_display": "0.00",
            "missing_lines": 3,
            "excluded_lines": 0
          },
          "missing_lines": [932, 936, 937],
          "excluded_lines": []
        },
        "DataProcessor.save_to_spreadsheet": {
          "executed_lines": [],
          "summary": {
            "covered_lines": 0,
            "num_statements": 10,
            "percent_covered": 0.0,
            "percent_covered_display": "0.00",
            "missing_lines": 10,
            "excluded_lines": 0
          },
          "missing_lines": [941, 942, 943, 945, 946, 947, 949, 951, 952, 953],
          "excluded_lines": []
        },
        "DataProcessor._save_with_separation": {
          "executed_lines": [],
          "summary": {
            "covered_lines": 0,
            "num_statements": 5,
            "percent_covered": 0.0,
            "percent_covered_display": "0.00",
            "missing_lines": 5,
            "excluded_lines": 0
          },
          "missing_lines": [957, 958, 961, 964, 966],
          "excluded_lines": []
        },
        "DataProcessor._save_without_separation": {
          "executed_lines": [],
          "summary": {
            "covered_lines": 0,
            "num_statements": 4,
            "percent_covered": 0.0,
            "percent_covered_display": "0.00",
            "missing_lines": 4,
            "excluded_lines": 0
          },
          "missing_lines": [970, 971, 972, 975],
          "excluded_lines": []
        },
        "DataProcessor._save_sado_data": {
          "executed_lines": [],
          "summary": {
            "covered_lines": 0,
            "num_statements": 4,
            "percent_covered": 0.0,
            "percent_covered_display": "0.00",
            "missing_lines": 4,
            "excluded_lines": 0
          },
          "missing_lines": [979, 980, 981, 982],
          "excluded_lines": []
        },
        "DataProcessor._save_outside_data": {
          "executed_lines": [],
          "summary": {
            "covered_lines": 0,
            "num_statements": 5,
            "percent_covered": 0.0,
            "percent_covered_display": "0.00",
            "missing_lines": 5,
            "excluded_lines": 0
          },
          "missing_lines": [988, 989, 990, 991, 992],
          "excluded_lines": []
        },
        "DataProcessor.save_data_to_sheet": {
          "executed_lines": [],
          "summary": {
            "covered_lines": 0,
            "num_statements": 12,
            "percent_covered": 0.0,
            "percent_covered_display": "0.00",
            "missing_lines": 12,
            "excluded_lines": 0
          },
          "missing_lines": [
            998, 999, 1000, 1002, 1004, 1007, 1008, 1009, 1012, 1014, 1015, 1016
          ],
          "excluded_lines": []
        },
        "DataProcessor._validate_data_for_save": {
          "executed_lines": [],
          "summary": {
            "covered_lines": 0,
            "num_statements": 8,
            "percent_covered": 0.0,
            "percent_covered_display": "0.00",
            "missing_lines": 8,
            "excluded_lines": 0
          },
[...]
          "missing_lines": [],
          "excluded_lines": []
        },
        "SearchQuery": {
          "executed_lines": [],
          "summary": {
            "covered_lines": 0,
            "num_statements": 3,
            "percent_covered": 0.0,
            "percent_covered_display": "0.00",
            "missing_lines": 3,
            "excluded_lines": 0
          },
          "missing_lines": [277, 278, 279],
          "excluded_lines": []
        },
        "CacheMetrics": {
          "executed_lines": [],
          "summary": {
            "covered_lines": 0,
            "num_statements": 0,
            "percent_covered": 100.0,
            "percent_covered_display": "100.00",
            "missing_lines": 0,
            "excluded_lines": 0
          },
          "missing_lines": [],
          "excluded_lines": []
        },
        "CacheEntry": {
          "executed_lines": [],
          "summary": {
            "covered_lines": 0,
            "num_statements": 0,
            "percent_covered": 100.0,
            "percent_covered_display": "100.00",
            "missing_lines": 0,
            "excluded_lines": 0
          },
          "missing_lines": [],
          "excluded_lines": []
        },
        "BatchCacheResult": {
          "executed_lines": [],
          "summary": {
            "covered_lines": 0,
            "num_statements": 0,
            "percent_covered": 100.0,
            "percent_covered_display": "100.00",
            "missing_lines": 0,
            "excluded_lines": 0
          },
          "missing_lines": [],
          "excluded_lines": []
        },
        "": {
          "executed_lines": [
            1, 8, 9, 10, 14, 17, 25, 28, 29, 30, 31, 32, 33, 34, 35, 38, 39, 40,
            41, 42, 43, 44, 45, 46, 47, 49, 50, 54, 55, 62, 63, 68, 69, 72, 73,
            76, 77, 80, 81, 82, 83, 86, 87, 88, 89, 90, 91, 94, 95, 96, 97, 98,
            99, 102, 103, 104, 105, 108, 109, 110, 111, 112, 113, 116, 117, 118,
            121, 124, 127, 128, 130, 131, 132, 135, 136, 137, 140, 141, 144,
            145, 146, 147, 150, 151, 152, 155, 156, 157, 160, 161, 162, 163,
            164, 165, 166, 167, 168, 169, 170, 171, 174, 175, 176, 177, 178,
            179, 180, 181, 183, 184, 191, 192, 193, 194, 195, 196, 199, 200,
            201, 202, 203, 204, 208, 223, 228, 232, 237, 255, 267, 268, 269,
            270, 271, 272, 273, 275, 282, 283, 284, 285, 286, 287, 288, 289,
            290, 291, 292, 295, 296, 297, 298, 299, 300, 301, 302, 303, 304,
            307, 308, 309, 310, 311, 312, 313, 314
          ],
          "summary": {
            "covered_lines": 38,
            "num_statements": 38,
            "percent_covered": 100.0,
            "percent_covered_display": "100.00",
            "missing_lines": 0,
            "excluded_lines": 0
          },
          "missing_lines": [],
          "excluded_lines": []
        }
      }
    },
    "shared\\utils\\__init__.py": {
      "executed_lines": [1, 7, 8, 15, 17],
      "summary": {
        "covered_lines": 4,
        "num_statements": 4,
        "percent_covered": 100.0,
        "percent_covered_display": "100.00",
        "missing_lines": 0,
        "excluded_lines": 0
      },
      "missing_lines": [],
      "excluded_lines": [],
      "functions": {
        "": {
          "executed_lines": [1, 7, 8, 15, 17],
          "summary": {
            "covered_lines": 4,
            "num_statements": 4,
            "percent_covered": 100.0,
            "percent_covered_display": "100.00",
            "missing_lines": 0,
            "excluded_lines": 0
          },
          "missing_lines": [],
          "excluded_lines": []
        }
      },
      "classes": {
        "": {
          "executed_lines": [1, 7, 8, 15, 17],
          "summary": {
            "covered_lines": 4,
            "num_statements": 4,
            "percent_covered": 100.0,
            "percent_covered_display": "100.00",
            "missing_lines": 0,
            "excluded_lines": 0
          },
          "missing_lines": [],
          "excluded_lines": []
        }
      }
    },
    "shared\\utils\\formatters.py": {
      "executed_lines": [
        1, 8, 9, 11, 12, 15, 16, 17, 20, 38, 39, 51, 52, 66, 67, 72, 73, 89, 90,
        102, 103, 119, 124, 129
      ],
      "summary": {
        "covered_lines": 22,
        "num_statements": 63,
        "percent_covered": 34.92063492063492,
        "percent_covered_display": "34.92",
        "missing_lines": 41,
        "excluded_lines": 0
      },
      "missing_lines": [
        41, 42, 43, 45, 46, 47, 48, 49, 54, 56, 57, 59, 61, 62, 64, 69, 70, 82,
        83, 84, 85, 86, 87, 92, 93, 95, 96, 97, 98, 100, 105, 107, 108, 110,
        111, 113, 114, 116, 121, 126, 131
      ],
      "excluded_lines": [],
      "functions": {
        "OutputFormatter.print_header": {
          "executed_lines": [],
          "summary": {
            "covered_lines": 0,
            "num_statements": 8,
            "percent_covered": 0.0,
            "percent_covered_display": "0.00",
            "missing_lines": 8,
            "excluded_lines": 0
          },
          "missing_lines": [41, 42, 43, 45, 46, 47, 48, 49],
          "excluded_lines": []
        },
        "OutputFormatter.print_footer": {
          "executed_lines": [],
          "summary": {
            "covered_lines": 0,
            "num_statements": 7,
            "percent_covered": 0.0,
            "percent_covered_display": "0.00",
            "missing_lines": 7,
            "excluded_lines": 0
          },
          "missing_lines": [54, 56, 57, 59, 61, 62, 64],
          "excluded_lines": []
        },
        "OutputFormatter.print_section": {
          "executed_lines": [],
          "summary": {
            "covered_lines": 0,
            "num_statements": 2,
            "percent_covered": 0.0,
            "percent_covered_display": "0.00",
            "missing_lines": 2,
            "excluded_lines": 0
          },
          "missing_lines": [69, 70],
          "excluded_lines": []
        },
        "OutputFormatter.print_execution_plan": {
          "executed_lines": [],
          "summary": {
            "covered_lines": 0,
            "num_statements": 6,
            "percent_covered": 0.0,
            "percent_covered_display": "0.00",
            "missing_lines": 6,
            "excluded_lines": 0
          },
          "missing_lines": [82, 83, 84, 85, 86, 87],
          "excluded_lines": []
        },
        "OutputFormatter.print_results_summary": {
          "executed_lines": [],
          "summary": {
            "covered_lines": 0,
            "num_statements": 7,
            "percent_covered": 0.0,
            "percent_covered_display": "0.00",
            "missing_lines": 7,
            "excluded_lines": 0
          },
          "missing_lines": [92, 93, 95, 96, 97, 98, 100],
          "excluded_lines": []
        },
        "OutputFormatter.print_environment_status": {
          "executed_lines": [],
          "summary": {
            "covered_lines": 0,
            "num_statements": 8,
            "percent_covered": 0.0,
            "percent_covered_display": "0.00",
            "missing_lines": 8,
            "excluded_lines": 0
          },
          "missing_lines": [105, 107, 108, 110, 111, 113, 114, 116],
          "excluded_lines": []
        },
        "print_header": {
          "executed_lines": [],
          "summary": {
            "covered_lines": 0,
            "num_statements": 1,
            "percent_covered": 0.0,
            "percent_covered_display": "0.00",
            "missing_lines": 1,
            "excluded_lines": 0
          },
          "missing_lines": [121],
          "excluded_lines": []
        },
        "print_footer": {
          "executed_lines": [],
          "summary": {
            "covered_lines": 0,
            "num_statements": 1,
            "percent_covered": 0.0,
            "percent_covered_display": "0.00",
            "missing_lines": 1,
            "excluded_lines": 0
          },
          "missing_lines": [126],
          "excluded_lines": []
        },
        "print_section": {
          "executed_lines": [],
          "summary": {
            "covered_lines": 0,
            "num_statements": 1,
            "percent_covered": 0.0,
            "percent_covered_display": "0.00",
            "missing_lines": 1,
            "excluded_lines": 0
          },
          "missing_lines": [131],
          "excluded_lines": []
        },
        "": {
          "executed_lines": [
            1, 8, 9, 11, 12, 15, 16, 17, 20, 38, 39, 51, 52, 66, 67, 72, 73, 89,
            90, 102, 103, 119, 124, 129
          ],
          "summary": {
            "covered_lines": 22,
            "num_statements": 22,
            "percent_covered": 100.0,
            "percent_covered_display": "100.00",
            "missing_lines": 0,
            "excluded_lines": 0
          },
          "missing_lines": [],
          "excluded_lines": []
        }
      },
      "classes": {
        "OutputFormatter": {
          "executed_lines": [],
          "summary": {
            "covered_lines": 0,
            "num_statements": 38,
            "percent_covered": 0.0,
            "percent_covered_display": "0.00",
            "missing_lines": 38,
            "excluded_lines": 0
          },
          "missing_lines": [
            41, 42, 43, 45, 46, 47, 48, 49, 54, 56, 57, 59, 61, 62, 64, 69, 70,
            82, 83, 84, 85, 86, 87, 92, 93, 95, 96, 97, 98, 100, 105, 107, 108,
            110, 111, 113, 114, 116
          ],
          "excluded_lines": []
        },
        "": {
          "executed_lines": [
            1, 8, 9, 11, 12, 15, 16, 17, 20, 38, 39, 51, 52, 66, 67, 72, 73, 89,
            90, 102, 103, 119, 124, 129
          ],
          "summary": {
            "covered_lines": 22,
            "num_statements": 25,
            "percent_covered": 88.0,
            "percent_covered_display": "88.00",
            "missing_lines": 3,
            "excluded_lines": 0
          },
          "missing_lines": [121, 126, 131],
          "excluded_lines": []
        }
      }
    },
    "shared\\utils\\translators.py": {
      "executed_lines": [1, 8, 11, 25, 39, 114, 126],
      "summary": {
        "covered_lines": 6,
        "num_statements": 31,
        "percent_covered": 19.35483870967742,
        "percent_covered_display": "19.35",
        "missing_lines": 25,
        "excluded_lines": 0
      },
      "missing_lines": [
        13, 14, 16, 22, 27, 28, 29, 36, 41, 105, 106, 107, 108, 111, 116, 117,
        119, 120, 121, 123, 128, 129, 131, 132, 134
      ],
      "excluded_lines": [],
      "functions": {
        "translate_business_status": {
          "executed_lines": [],
          "summary": {
            "covered_lines": 0,
            "num_statements": 4,
            "percent_covered": 0.0,
            "percent_covered_display": "0.00",
            "missing_lines": 4,
            "excluded_lines": 0
          },
          "missing_lines": [13, 14, 16, 22],
          "excluded_lines": []
        },
        "translate_price_level": {
          "executed_lines": [],
          "summary": {
            "covered_lines": 0,
            "num_statements": 4,
            "percent_covered": 0.0,
            "percent_covered_display": "0.00",
            "missing_lines": 4,
            "excluded_lines": 0
          },
          "missing_lines": [27, 28, 29, 36],
          "excluded_lines": []
        },
        "translate_types": {
          "executed_lines": [],
          "summary": {
            "covered_lines": 0,
            "num_statements": 6,
            "percent_covered": 0.0,
            "percent_covered_display": "0.00",
            "missing_lines": 6,
            "excluded_lines": 0
          },
          "missing_lines": [41, 105, 106, 107, 108, 111],
          "excluded_lines": []
        },
        "format_opening_hours": {
          "executed_lines": [],
          "summary": {
            "covered_lines": 0,
            "num_statements": 6,
            "percent_covered": 0.0,
            "percent_covered_display": "0.00",
            "missing_lines": 6,
            "excluded_lines": 0
          },
          "missing_lines": [116, 117, 119, 120, 121, 123],
          "excluded_lines": []
        },
        "format_location_data": {
          "executed_lines": [],
          "summary": {
            "covered_lines": 0,
            "num_statements": 5,
            "percent_covered": 0.0,
            "percent_covered_display": "0.00",
            "missing_lines": 5,
            "excluded_lines": 0
          },
          "missing_lines": [128, 129, 131, 132, 134],
          "excluded_lines": []
        },
        "": {
          "executed_lines": [1, 8, 11, 25, 39, 114, 126],
          "summary": {
            "covered_lines": 6,
            "num_statements": 6,
            "percent_covered": 100.0,
            "percent_covered_display": "100.00",
            "missing_lines": 0,
            "excluded_lines": 0
          },
          "missing_lines": [],
          "excluded_lines": []
        }
      },
      "classes": {
        "": {
          "executed_lines": [1, 8, 11, 25, 39, 114, 126],
          "summary": {
            "covered_lines": 6,
            "num_statements": 31,
            "percent_covered": 19.35483870967742,
            "percent_covered_display": "19.35",
            "missing_lines": 25,
            "excluded_lines": 0
          },
          "missing_lines": [
            13, 14, 16, 22, 27, 28, 29, 36, 41, 105, 106, 107, 108, 111, 116,
            117, 119, 120, 121, 123, 128, 129, 131, 132, 134
          ],
          "excluded_lines": []
        }
      }
    },
    "shared\\utils\\url_converter.py": {
      "executed_lines": [
        1, 8, 9, 10, 11, 12, 13, 16, 17, 19, 29, 49, 65, 92, 136, 172, 185
      ],
      "summary": {
        "covered_lines": 14,
        "num_statements": 105,
        "percent_covered": 13.333333333333334,
        "percent_covered_display": "13.33",
        "missing_lines": 91,
        "excluded_lines": 2
      },
      "missing_lines": [
        21, 24, 27, 32, 33, 34, 37, 38, 39, 40, 42, 43, 44, 45, 47, 51, 52, 53,
        54, 56, 58, 59, 60, 61, 63, 67, 70, 71, 74, 75, 78, 79, 80, 82, 84, 85,
        87, 90, 94, 96, 97, 98, 101, 102, 103, 104, 106, 108, 109, 112, 113,
        115, 116, 117, 119, 120, 121, 123, 126, 127, 129, 130, 132, 133, 134,
        138, 139, 141, 144, 146, 147, 148, 150, 151, 153, 154, 155, 156, 159,
        160, 162, 163, 165, 166, 167, 169, 174, 177, 179, 180, 182
      ],
      "excluded_lines": [185, 186],
      "functions": {
        "URLConverter.__init__": {
          "executed_lines": [],
          "summary": {
            "covered_lines": 0,
            "num_statements": 3,
            "percent_covered": 0.0,
            "percent_covered_display": "0.00",
            "missing_lines": 3,
            "excluded_lines": 0
          },
          "missing_lines": [21, 24, 27],
          "excluded_lines": []
        },
        "URLConverter.extract_cid_from_url": {
          "executed_lines": [],
          "summary": {
            "covered_lines": 0,
            "num_statements": 12,
            "percent_covered": 0.0,
            "percent_covered_display": "0.00",
            "missing_lines": 12,
            "excluded_lines": 0
          },
          "missing_lines": [32, 33, 34, 37, 38, 39, 40, 42, 43, 44, 45, 47],
          "excluded_lines": []
        },
        "URLConverter.extract_place_name_from_url": {
          "executed_lines": [],
          "summary": {
            "covered_lines": 0,
            "num_statements": 10,
            "percent_covered": 0.0,
            "percent_covered_display": "0.00",
            "missing_lines": 10,
            "excluded_lines": 0
          },
          "missing_lines": [51, 52, 53, 54, 56, 58, 59, 60, 61, 63],
          "excluded_lines": []
        },
        "URLConverter.convert_line": {
          "executed_lines": [],
          "summary": {
            "covered_lines": 0,
            "num_statements": 13,
            "percent_covered": 0.0,
            "percent_covered_display": "0.00",
            "missing_lines": 13,
            "excluded_lines": 0
          },
          "missing_lines": [67, 70, 71, 74, 75, 78, 79, 80, 82, 84, 85, 87, 90],
          "excluded_lines": []
        },
        "URLConverter.convert_file": {
          "executed_lines": [],
          "summary": {
            "covered_lines": 0,
            "num_statements": 27,
            "percent_covered": 0.0,
            "percent_covered_display": "0.00",
            "missing_lines": 27,
            "excluded_lines": 0
          },
          "missing_lines": [
            94, 96, 97, 98, 101, 102, 103, 104, 106, 108, 109, 112, 113, 115,
            116, 117, 119, 120, 121, 123, 126, 127, 129, 130, 132, 133, 134
          ],
          "excluded_lines": []
        },
        "URLConverter.convert_all_files": {
          "executed_lines": [],
          "summary": {
            "covered_lines": 0,
            "num_statements": 21,
            "percent_covered": 0.0,
            "percent_covered_display": "0.00",
            "missing_lines": 21,
            "excluded_lines": 0
          },
          "missing_lines": [
            138, 139, 141, 144, 146, 147, 148, 150, 151, 153, 154, 155, 156,
            159, 160, 162, 163, 165, 166, 167, 169
          ],
          "excluded_lines": []
        },
        "main": {
          "executed_lines": [],
          "summary": {
            "covered_lines": 0,
            "num_statements": 5,
            "percent_covered": 0.0,
            "percent_covered_display": "0.00",
            "missing_lines": 5,
            "excluded_lines": 0
          },
          "missing_lines": [174, 177, 179, 180, 182],
          "excluded_lines": []
        },
        "": {
          "executed_lines": [
            1, 8, 9, 10, 11, 12, 13, 16, 17, 19, 29, 49, 65, 92, 136, 172, 185
          ],
          "summary": {
            "covered_lines": 14,
            "num_statements": 14,
            "percent_covered": 100.0,
            "percent_covered_display": "100.00",
            "missing_lines": 0,
            "excluded_lines": 2
          },
          "missing_lines": [],
          "excluded_lines": [185, 186]
        }
      },
      "classes": {
        "URLConverter": {
          "executed_lines": [],
          "summary": {
            "covered_lines": 0,
            "num_statements": 86,
            "percent_covered": 0.0,
            "percent_covered_display": "0.00",
            "missing_lines": 86,
            "excluded_lines": 0
          },
          "missing_lines": [
            21, 24, 27, 32, 33, 34, 37, 38, 39, 40, 42, 43, 44, 45, 47, 51, 52,
            53, 54, 56, 58, 59, 60, 61, 63, 67, 70, 71, 74, 75, 78, 79, 80, 82,
            84, 85, 87, 90, 94, 96, 97, 98, 101, 102, 103, 104, 106, 108, 109,
            112, 113, 115, 116, 117, 119, 120, 121, 123, 126, 127, 129, 130,
            132, 133, 134, 138, 139, 141, 144, 146, 147, 148, 150, 151, 153,
            154, 155, 156, 159, 160, 162, 163, 165, 166, 167, 169
          ],
          "excluded_lines": []
        },
        "": {
          "executed_lines": [
            1, 8, 9, 10, 11, 12, 13, 16, 17, 19, 29, 49, 65, 92, 136, 172, 185
          ],
          "summary": {
            "covered_lines": 14,
            "num_statements": 19,
            "percent_covered": 73.6842105263158,
            "percent_covered_display": "73.68",
            "missing_lines": 5,
            "excluded_lines": 2
          },
          "missing_lines": [174, 177, 179, 180, 182],
          "excluded_lines": [185, 186]
        }
      }
    }
  },
  "totals": {
    "covered_lines": 678,
    "num_statements": 5594,
    "percent_covered": 12.120128709331427,
    "percent_covered_display": "12.12",
    "missing_lines": 4916,
    "excluded_lines": 248
  }
}
